Arguments: 
  C:\Program Files\nodejs\node.exe C:\Users\USER\.yarn\releases\yarn-1.22.19.cjs install

PATH: 
  C:\Users\USER\AppData\Local\cloud-code\installer\google-cloud-sdk\bin;C:\Python311\Scripts\;C:\Python311\;C:\WINDOWS\system32;C:\WINDOWS;C:\WINDOWS\System32\Wbem;C:\WINDOWS\System32\WindowsPowerShell\v1.0\;C:\WINDOWS\System32\OpenSSH\;C:\ProgramData\chocolatey\bin;C:\Program Files\Docker\Docker\resources\bin;C:\Program Files\PostgreSQL\15\bin;C:\Program Files\Git\cmd;C:\Program Files\MongoDB\Server\6.0\bin;C:\mongosh-1.8.0-win32-x64\bin;C:\Users\USER\AppData\Roaming\nvm;C:\Program Files\nodejs;C:\Users\USER\AppData\Local\Microsoft\WindowsApps;C:\Users\USER\AppData\Local\Programs\Microsoft VS Code\bin;C:\Program Files (x86)\MongoDB Atlas CLI\;C:\Users\USER\AppData\Roaming\nvm;C:\Program Files\nodejs;C:\Users\USER\AppData\Local\Yarn\bin\pm2.cmd;

Yarn version: 
  1.22.19

Node version: 
  20.3.0

Platform: 
  win32 x64

Trace: 
  Error: https://registry.npmjs.org/@nestjs%2fcommon: ESOCKETTIMEDOUT
      at ClientRequest.<anonymous> (C:\Users\USER\.yarn\releases\yarn-1.22.19.cjs:135924:19)
      at Object.onceWrapper (node:events:625:28)
      at ClientRequest.emit (node:events:511:28)
      at TLSSocket.emitRequestTimeout (node:_http_client:840:9)
      at Object.onceWrapper (node:events:625:28)
      at TLSSocket.emit (node:events:523:35)
      at Socket._onTimeout (node:net:582:8)
      at listOnTimeout (node:internal/timers:573:17)
      at process.processTimers (node:internal/timers:514:7)

npm manifest: 
  {
    "name": "cart-management-be",
    "version": "1.0.0",
    "main": "index.js",
    "repository": "https://github.com/olaobey/cart-management-be",
    "author": "Ajeigbe Olaoluwa Samuel <olaobey15@gmail.com>",
    "private": true,
    "type": "module",
    "license": "MIT",
    "scripts": {
      "prebuild": "rimraf dist",
      "build": "nest build",
      "format": "prettier --write \"src/**/*.ts\" \"test/**/*.ts\"",
      "start": "nest start",
      "start:dev": "nest start --watch",
      "start:debug": "nest start --debug --watch",
      "start:prod": "node dist/main",
      "lint": "eslint \"{src,apps,libs,test}/**/*.ts\" --fix",
      "test": "jest",
      "test:watch": "jest --watch",
      "test:cov": "jest --coverage",
      "test:debug": "node --inspect-brk -r tsconfig-paths/register -r ts-node/register node_modules/.bin/jest --runInBand",
      "test:e2e": "jest --config ./test/jest-e2e.json"
    },
    "dependencies": {
      "@nestjs/common": "^10.2.6",
      "@nestjs/config": "^3.1.1",
      "@nestjs/core": "^10.2.6",
      "@nestjs/platform-express": "^10.2.6",
      "class-transformer": "^0.5.1",
      "class-validator": "^0.14.0",
      "dotenv": "^16.3.1",
      "reflect-metadata": "^0.1.13",
      "rimraf": "^5.0.5",
      "rxjs": "^7.8.1",
      "uuid": "^9.0.1"
    },
    "devDependencies": {
      "@nestjs/cli": "^10.1.18",
      "@nestjs/schematics": "^10.0.2",
      "@nestjs/testing": "^10.2.6",
      "@types/express": "^4.17.18",
      "@types/jest": "^29.5.5",
      "@types/node": "^20.7.1",
      "@types/supertest": "^2.0.13",
      "@typescript-eslint/eslint-plugin": "^6.7.3",
      "@typescript-eslint/parser": "^6.7.3",
      "eslint": "^8.50.0",
      "eslint-config-prettier": "^9.0.0",
      "eslint-plugin-prettier": "^5.0.0",
      "jest": "^29.7.0",
      "prettier": "^3.0.3",
      "supertest": "^6.3.3",
      "ts-jest": "^29.1.1",
      "ts-loader": "^9.4.4",
      "ts-node": "^10.9.1",
      "tsconfig-paths": "^4.2.0",
      "typescript": "^5.2.2"
    },
    "engines": {
      "node": ">=16"
    },
    "jest": {
      "moduleFileExtensions": [
        "js",
        "json",
        "ts"
      ],
      "rootDir": "src",
      "testRegex": ".*\\.spec\\.ts$",
      "transform": {
        "^.+\\.(t|j)s$": "ts-jest"
      },
      "collectCoverageFrom": [
        "**/*.(t|j)s"
      ],
      "coverageDirectory": "../coverage",
      "testEnvironment": "node"
    }
  }

yarn manifest: 
  No manifest

Lockfile: 
  No lockfile
